
======================================================================
2024-07-24 05:16:39 - INFO - Starting the application.
======================================================================


======================================================================
2024-07-24 05:16:39 - INFO - Initializing the database...
======================================================================


======================================================================
2024-07-24 05:16:39 - INFO - Database tables created successfully.
======================================================================


======================================================================
2024-07-24 05:16:39 - INFO - Database initialized successfully.
======================================================================


======================================================================
2024-07-24 05:16:39 - INFO - Configuration loaded successfully.
======================================================================


======================================================================
2024-07-24 05:16:39 - INFO - Initializing the database...
======================================================================


======================================================================
2024-07-24 05:16:39 - INFO - Database tables created successfully.
======================================================================


======================================================================
2024-07-24 05:16:39 - INFO - Loaded 0 unprocessed URLs.
======================================================================

